<?xml version="1.0" encoding="UTF-8"?>
<!-- Generated by org.testng.reporters.JUnitReportReporter -->
<testsuite hostname="SLIDEQA2" failures="0" tests="1" name="testCases.WidgetsPages" time="13.122" errors="0" timestamp="2022-06-01T16:54:59 IST" skipped="0">
  <testcase classname="testCases.WidgetsPages" name="checkResolutionForWidgets" time="13.122"/>
  <system-out/>
</testsuite> <!-- testCases.WidgetsPages -->
